0 info it worked if it ends with ok
1 verbose cli [ '/usr/local/bin/node',
1 verbose cli   '/usr/local/bin/npm',
1 verbose cli   'install',
1 verbose cli   '--save',
1 verbose cli   'firebase-tools',
1 verbose cli   '@3.5.0' ]
2 info using npm@3.10.10
3 info using node@v6.10.0
4 silly loadCurrentTree Starting
5 silly install loadCurrentTree
6 silly install readLocalPackageData
7 silly fetchPackageMetaData firebase-tools
8 silly fetchPackageMetaData @3.5.0
9 silly fetchNamedPackageData firebase-tools
10 silly mapToRegistry name firebase-tools
11 silly mapToRegistry using default registry
12 silly mapToRegistry registry https://registry.npmjs.org/
13 silly mapToRegistry data Result {
13 silly mapToRegistry   raw: 'firebase-tools',
13 silly mapToRegistry   scope: null,
13 silly mapToRegistry   escapedName: 'firebase-tools',
13 silly mapToRegistry   name: 'firebase-tools',
13 silly mapToRegistry   rawSpec: '',
13 silly mapToRegistry   spec: 'latest',
13 silly mapToRegistry   type: 'tag' }
14 silly mapToRegistry uri https://registry.npmjs.org/firebase-tools
15 silly fetchOtherPackageData @3.5.0
16 silly cache add args [ '@3.5.0', null ]
17 verbose cache add spec @3.5.0
18 silly cache add parsed spec Result {
18 silly cache add   raw: '@3.5.0',
18 silly cache add   scope: null,
18 silly cache add   escapedName: null,
18 silly cache add   name: null,
18 silly cache add   rawSpec: '@3.5.0',
18 silly cache add   spec: '/Users/yunsong-i/Desktop/self-coding/portfolios/recipes/@3.5.0',
18 silly cache add   type: 'local' }
19 error addLocal Could not install /Users/yunsong-i/Desktop/self-coding/portfolios/recipes/@3.5.0
20 silly fetchPackageMetaData Error: ENOENT: no such file or directory, open '/Users/yunsong-i/Desktop/self-coding/portfolios/recipes/@3.5.0'
20 silly fetchPackageMetaData     at Error (native)
20 silly fetchPackageMetaData  error for @3.5.0 { Error: ENOENT: no such file or directory, open '/Users/yunsong-i/Desktop/self-coding/portfolios/recipes/@3.5.0'
20 silly fetchPackageMetaData     at Error (native)
20 silly fetchPackageMetaData   errno: -2,
20 silly fetchPackageMetaData   code: 'ENOENT',
20 silly fetchPackageMetaData   syscall: 'open',
20 silly fetchPackageMetaData   path: '/Users/yunsong-i/Desktop/self-coding/portfolios/recipes/@3.5.0' }
21 verbose request uri https://registry.npmjs.org/firebase-tools
22 verbose request no auth needed
23 info attempt registry request try #1 at 08:09:56
24 verbose request id 37e34ecb08bc0b2f
25 verbose etag W/"58e580cc-19d7c"
26 verbose lastModified Wed, 05 Apr 2017 23:42:04 GMT
27 http request GET https://registry.npmjs.org/firebase-tools
28 http 304 https://registry.npmjs.org/firebase-tools
29 verbose headers { date: 'Sat, 08 Apr 2017 23:09:57 GMT',
29 verbose headers   via: '1.1 varnish',
29 verbose headers   'cache-control': 'max-age=300',
29 verbose headers   etag: 'W/"58e580cc-19d7c"',
29 verbose headers   age: '0',
29 verbose headers   connection: 'keep-alive',
29 verbose headers   'x-served-by': 'cache-nrt6124-NRT',
29 verbose headers   'x-cache': 'MISS',
29 verbose headers   'x-cache-hits': '0',
29 verbose headers   'x-timer': 'S1491692997.428524,VS0,VE103',
29 verbose headers   vary: 'Accept-Encoding' }
30 silly get cb [ 304,
30 silly get   { date: 'Sat, 08 Apr 2017 23:09:57 GMT',
30 silly get     via: '1.1 varnish',
30 silly get     'cache-control': 'max-age=300',
30 silly get     etag: 'W/"58e580cc-19d7c"',
30 silly get     age: '0',
30 silly get     connection: 'keep-alive',
30 silly get     'x-served-by': 'cache-nrt6124-NRT',
30 silly get     'x-cache': 'MISS',
30 silly get     'x-cache-hits': '0',
30 silly get     'x-timer': 'S1491692997.428524,VS0,VE103',
30 silly get     vary: 'Accept-Encoding' } ]
31 verbose etag https://registry.npmjs.org/firebase-tools from cache
32 verbose get saving firebase-tools to /Users/yunsong-i/.npm/registry.npmjs.org/firebase-tools/.cache.json
33 verbose correctMkdir /Users/yunsong-i/.npm correctMkdir not in flight; initializing
34 silly rollbackFailedOptional Starting
35 silly rollbackFailedOptional Finishing
36 silly runTopLevelLifecycles Finishing
37 silly install printInstalled
38 verbose stack Error: ENOENT: no such file or directory, open '/Users/yunsong-i/Desktop/self-coding/portfolios/recipes/@3.5.0'
38 verbose stack     at Error (native)
39 verbose cwd /Users/yunsong-i/Desktop/self-coding/portfolios/recipes
40 error Darwin 15.6.0
41 error argv "/usr/local/bin/node" "/usr/local/bin/npm" "install" "--save" "firebase-tools" "@3.5.0"
42 error node v6.10.0
43 error npm  v3.10.10
44 error path /Users/yunsong-i/Desktop/self-coding/portfolios/recipes/@3.5.0
45 error code ENOENT
46 error errno -2
47 error syscall open
48 error enoent ENOENT: no such file or directory, open '/Users/yunsong-i/Desktop/self-coding/portfolios/recipes/@3.5.0'
49 error enoent ENOENT: no such file or directory, open '/Users/yunsong-i/Desktop/self-coding/portfolios/recipes/@3.5.0'
49 error enoent This is most likely not a problem with npm itself
49 error enoent and is related to npm not being able to find a file.
50 verbose exit [ -2, true ]
